<?xml version="1.0" encoding="UTF-8"?>
<!-- Generated by org.testng.reporters.JUnitReportReporter -->
<testsuite skipped="0" hostname="DESKTOP-R5BUPRU" name="checkingtest.testNG_testclass" tests="2" failures="0" timestamp="2022-08-14T17:31:33 IST" time="29.158" errors="0">
  <testcase name="openamazon" time="17.830" classname="checkingtest.testNG_testclass"/>
  <system-out>
    <![CDATA[Opening amazon app]]>
  </system-out>
  <testcase name="openapp" time="11.328" classname="checkingtest.testNG_testclass"/>
  <system-out>
    <![CDATA[Opening flipkart application
Closed browser]]>
  </system-out>
</testsuite> <!-- checkingtest.testNG_testclass -->
