<?xml version="1.0" encoding="UTF-8"?>
<!-- Generated by org.testng.reporters.JUnitReportReporter -->
<testsuite skipped="0" hostname="DESKTOP-R5BUPRU" name="checkingtest.Flipkart_testClass" tests="2" failures="0" timestamp="2022-08-15T11:23:02 IST" time="8.793" errors="0">
  <testcase name="testcase2" time="2.978" classname="checkingtest.Flipkart_testClass"/>
  <system-out>
    <![CDATA[Test case 2 executing for grosaries]]>
  </system-out>
  <testcase name="testcase1" time="5.815" classname="checkingtest.Flipkart_testClass"/>
  <system-out>
    <![CDATA[Test Case 1 executing for user verification]]>
  </system-out>
</testsuite> <!-- checkingtest.Flipkart_testClass -->
