<?xml version="1.0" encoding="UTF-8"?>
<!-- Generated by org.testng.reporters.JUnitReportReporter -->
<testsuite skipped="0" hostname="DESKTOP-R5BUPRU" name="checkingtest.CheckSequence" tests="3" failures="0" timestamp="2022-08-14T13:46:38 IST" time="0.012" errors="0">
  <testcase name="testCase1" time="0.008" classname="checkingtest.CheckSequence"/>
  <system-out/>
  <testcase name="atestCase2" time="0.001" classname="checkingtest.CheckSequence"/>
  <system-out/>
  <testcase name="testCase3" time="0.003" classname="checkingtest.CheckSequence"/>
  <system-out>
    <![CDATA[Checking Report]]>
  </system-out>
</testsuite> <!-- checkingtest.CheckSequence -->
