<?xml version="1.0" encoding="UTF-8"?>
<!-- Generated by org.testng.reporters.JUnitReportReporter -->
<testsuite skipped="1" hostname="DESKTOP-R5BUPRU" name="sequeceOfTest.CheckingEnabled" tests="3" failures="0" timestamp="2022-08-16T12:06:37 IST" time="0.006" errors="0">
  <testcase name="login" time="0.005" classname="sequeceOfTest.CheckingEnabled"/>
  <system-out>
    <![CDATA[login sucessfully]]>
  </system-out>
  <testcase name="feed" time="0.001" classname="sequeceOfTest.CheckingEnabled"/>
  <system-out>
    <![CDATA[feed page]]>
  </system-out>
  <testcase name="home" classname="sequeceOfTest.CheckingEnabled">
    <skipped/>
  </testcase> <!-- home -->
  <system-out/>
</testsuite> <!-- sequeceOfTest.CheckingEnabled -->
