<?xml version="1.0" encoding="UTF-8"?>
<!-- Generated by org.testng.reporters.JUnitReportReporter -->
<testsuite skipped="0" hostname="DESKTOP-R5BUPRU" name="testNGAssertion.New_Parallel" tests="4" failures="0" timestamp="2022-08-22T14:38:39 IST" time="0.605" errors="0">
  <testcase name="verifyurl" time="0.065" classname="testNGAssertion.New_Parallel"/>
  <system-out/>
  <testcase name="verifytitle" time="0.184" classname="testNGAssertion.New_Parallel"/>
  <system-out/>
  <testcase name="topoffersicon" time="0.184" classname="testNGAssertion.New_Parallel"/>
  <system-out/>
  <testcase name="groceryicon" time="0.172" classname="testNGAssertion.New_Parallel"/>
  <system-out/>
</testsuite> <!-- testNGAssertion.New_Parallel -->
