<?xml version="1.0" encoding="UTF-8"?>
<!-- Generated by org.testng.reporters.JUnitReportReporter -->
<testsuite skipped="0" hostname="DESKTOP-R5BUPRU" name="sequeceOfTest.CheckinTimeout" tests="2" failures="0" timestamp="2022-08-16T13:37:20 IST" time="0.015" errors="0">
  <testcase name="m1" time="0.013" classname="sequeceOfTest.CheckinTimeout"/>
  <system-out>
    <![CDATA[Running test case 1]]>
  </system-out>
  <testcase name="m2" time="0.002" classname="sequeceOfTest.CheckinTimeout"/>
  <system-out>
    <![CDATA[Running test case 2]]>
  </system-out>
</testsuite> <!-- sequeceOfTest.CheckinTimeout -->
