<?xml version="1.0" encoding="UTF-8"?>
<!-- Generated by org.testng.reporters.JUnitReportReporter -->
<testsuite skipped="0" hostname="DESKTOP-R5BUPRU" name="sequeceOfTest.CheckingAnnotation" tests="1" failures="0" timestamp="2022-08-16T12:06:37 IST" time="0.011" errors="0">
  <testcase name="testcase" time="0.011" classname="sequeceOfTest.CheckingAnnotation"/>
  <system-out/>
</testsuite> <!-- sequeceOfTest.CheckingAnnotation -->
