<?xml version="1.0" encoding="UTF-8"?>
<!-- Generated by org.testng.reporters.JUnitReportReporter -->
<testsuite skipped="0" hostname="DESKTOP-R5BUPRU" name="testNGAssertion.CheckHardAssertion" tests="2" failures="0" timestamp="2022-08-22T14:38:39 IST" time="0.145" errors="0">
  <testcase name="url" time="0.037" classname="testNGAssertion.CheckHardAssertion"/>
  <system-out/>
  <testcase name="pagetext" time="0.108" classname="testNGAssertion.CheckHardAssertion"/>
  <system-out/>
</testsuite> <!-- testNGAssertion.CheckHardAssertion -->
