<?xml version="1.0" encoding="UTF-8"?>
<!-- Generated by org.testng.reporters.JUnitReportReporter -->
<testsuite skipped="0" hostname="DESKTOP-R5BUPRU" name="checkingtest.testNG_annotations" tests="2" failures="0" timestamp="2022-08-14T18:12:05 IST" time="0.012" errors="0">
  <testcase name="testcase1" time="0.007" classname="checkingtest.testNG_annotations"/>
  <system-out>
    <![CDATA[Test Case 1 executing for user verification]]>
  </system-out>
  <testcase name="testcase2" time="0.005" classname="checkingtest.testNG_annotations"/>
  <system-out>
    <![CDATA[Test case 2 executing for grosaries]]>
  </system-out>
</testsuite> <!-- checkingtest.testNG_annotations -->
