<?xml version="1.0" encoding="UTF-8"?>
<!-- Generated by org.testng.reporters.JUnitReportReporter -->
<testsuite skipped="0" hostname="DESKTOP-R5BUPRU" name="testNGAssertion.CheckAssert_Groups" tests="4" failures="0" timestamp="2022-08-18T12:45:26 IST" time="0.366" errors="0">
  <testcase name="verifyurl" time="0.033" classname="testNGAssertion.CheckAssert_Groups"/>
  <system-out/>
  <testcase name="verifypagetext" time="0.090" classname="testNGAssertion.CheckAssert_Groups"/>
  <system-out/>
  <testcase name="verifytopiconTopOffers" time="0.180" classname="testNGAssertion.CheckAssert_Groups"/>
  <system-out/>
  <testcase name="verifytopiconGrocery" time="0.063" classname="testNGAssertion.CheckAssert_Groups"/>
  <system-out/>
</testsuite> <!-- testNGAssertion.CheckAssert_Groups -->
