<?xml version="1.0" encoding="UTF-8"?>
<!-- Generated by org.testng.reporters.JUnitReportReporter -->
<testsuite skipped="0" hostname="DESKTOP-R5BUPRU" name="sequeceOfTest.CheckingInvocationCount" tests="16" failures="0" timestamp="2022-08-16T11:47:31 IST" time="0.036" errors="0">
  <testcase name="Login" time="0.001" classname="sequeceOfTest.CheckingInvocationCount"/>
  <system-out>
    <![CDATA[login sucessfully]]>
  </system-out>
  <testcase name="home" time="0.003" classname="sequeceOfTest.CheckingInvocationCount"/>
  <system-out>
    <![CDATA[home page]]>
  </system-out>
  <testcase name="Login" time="0.010" classname="sequeceOfTest.CheckingInvocationCount"/>
  <system-out>
    <![CDATA[login sucessfully]]>
  </system-out>
  <testcase name="Login" time="0.003" classname="sequeceOfTest.CheckingInvocationCount"/>
  <system-out>
    <![CDATA[login sucessfully]]>
  </system-out>
  <testcase name="Login" time="0.002" classname="sequeceOfTest.CheckingInvocationCount"/>
  <system-out>
    <![CDATA[login sucessfully]]>
  </system-out>
  <testcase name="home" time="0.002" classname="sequeceOfTest.CheckingInvocationCount"/>
  <system-out>
    <![CDATA[home page]]>
  </system-out>
  <testcase name="Login" time="0.001" classname="sequeceOfTest.CheckingInvocationCount"/>
  <system-out>
    <![CDATA[login sucessfully]]>
  </system-out>
  <testcase name="home" time="0.002" classname="sequeceOfTest.CheckingInvocationCount"/>
  <system-out>
    <![CDATA[home page]]>
  </system-out>
  <testcase name="home" time="0.001" classname="sequeceOfTest.CheckingInvocationCount"/>
  <system-out>
    <![CDATA[home page]]>
  </system-out>
  <testcase name="Login" time="0.002" classname="sequeceOfTest.CheckingInvocationCount"/>
  <system-out>
    <![CDATA[login sucessfully]]>
  </system-out>
  <testcase name="home" time="0.001" classname="sequeceOfTest.CheckingInvocationCount"/>
  <system-out>
    <![CDATA[home page]]>
  </system-out>
  <testcase name="Login" time="0.001" classname="sequeceOfTest.CheckingInvocationCount"/>
  <system-out>
    <![CDATA[login sucessfully]]>
  </system-out>
  <testcase name="Login" time="0.002" classname="sequeceOfTest.CheckingInvocationCount"/>
  <system-out>
    <![CDATA[login sucessfully]]>
  </system-out>
  <testcase name="Login" time="0.002" classname="sequeceOfTest.CheckingInvocationCount"/>
  <system-out>
    <![CDATA[login sucessfully]]>
  </system-out>
  <testcase name="Login" time="0.002" classname="sequeceOfTest.CheckingInvocationCount"/>
  <system-out>
    <![CDATA[login sucessfully]]>
  </system-out>
  <testcase name="home" time="0.001" classname="sequeceOfTest.CheckingInvocationCount"/>
  <system-out>
    <![CDATA[home page]]>
  </system-out>
</testsuite> <!-- sequeceOfTest.CheckingInvocationCount -->
